2025-07-10 19:10:26 INFO  [main] Base_Class - Application Started
2025-07-10 19:10:26 INFO  [main] Base_Class - ===================
2025-07-10 19:10:30 INFO  [main] Base_Class - FireFoxDriver Object is Created  FirefoxDriver: firefox on windows (d61382e2-b8be-4176-a67d-c36ee4ec7d92)
2025-07-10 19:10:30 INFO  [main] Base_Class - Browser Got Opened
2025-07-10 19:10:30 INFO  [main] Base_Class - url Called  http://192.168.2.27:9091/
2025-07-10 19:10:30 INFO  [main] Base_Class - Tear Up is Done
2025-07-10 19:10:31 INFO  [main] Login - Login Test Cases Started
2025-07-10 19:10:31 INFO  [main] Login - Login_Page Object Created
2025-07-10 19:10:31 INFO  [main] Login - Login Page Method call
2025-07-10 19:10:31 INFO  [main] Login_page - Login Method Called
2025-07-10 19:10:31 INFO  [main] Login_page - Entered UserName is :Approver
2025-07-10 19:10:31 INFO  [main] Login_page - Password Entered
2025-07-10 19:10:31 INFO  [main] Login_page - Submit Button Clicked
2025-07-10 19:10:34 INFO  [main] Login_page - Login Failed
2025-07-10 19:10:34 ERROR [main] Login - Login Test Failed for User : Approver
java.lang.AssertionError: Login Failed For User : Approver expected [true] but found [false]
	at org.testng.Assert.fail(Assert.java:111) ~[testng-7.10.2.jar:7.10.2]
	at org.testng.Assert.failNotEquals(Assert.java:1578) ~[testng-7.10.2.jar:7.10.2]
	at org.testng.Assert.assertTrue(Assert.java:57) ~[testng-7.10.2.jar:7.10.2]
	at test_case.Login.Login_Data(Login.java:38) ~[test-classes/:?]
	at java.base/jdk.internal.reflect.NativeMethodAccessorImpl.invoke0(Native Method) ~[?:?]
	at java.base/jdk.internal.reflect.NativeMethodAccessorImpl.invoke(NativeMethodAccessorImpl.java:77) ~[?:?]
	at java.base/jdk.internal.reflect.DelegatingMethodAccessorImpl.invoke(DelegatingMethodAccessorImpl.java:43) ~[?:?]
	at java.base/java.lang.reflect.Method.invoke(Method.java:568) ~[?:?]
	at org.testng.internal.invokers.MethodInvocationHelper.invokeMethod(MethodInvocationHelper.java:141) ~[testng-7.10.2.jar:7.10.2]
	at org.testng.internal.invokers.TestInvoker.invokeMethod(TestInvoker.java:686) ~[testng-7.10.2.jar:7.10.2]
	at org.testng.internal.invokers.TestInvoker.invokeTestMethod(TestInvoker.java:230) ~[testng-7.10.2.jar:7.10.2]
	at org.testng.internal.invokers.MethodRunner.runInSequence(MethodRunner.java:63) ~[testng-7.10.2.jar:7.10.2]
	at org.testng.internal.invokers.TestInvoker$MethodInvocationAgent.invoke(TestInvoker.java:992) ~[testng-7.10.2.jar:7.10.2]
	at org.testng.internal.invokers.TestInvoker.invokeTestMethods(TestInvoker.java:203) ~[testng-7.10.2.jar:7.10.2]
	at org.testng.internal.invokers.TestMethodWorker.invokeTestMethods(TestMethodWorker.java:154) ~[testng-7.10.2.jar:7.10.2]
	at org.testng.internal.invokers.TestMethodWorker.run(TestMethodWorker.java:134) ~[testng-7.10.2.jar:7.10.2]
	at java.base/java.util.ArrayList.forEach(ArrayList.java:1511) [?:?]
	at org.testng.TestRunner.privateRun(TestRunner.java:739) [testng-7.10.2.jar:7.10.2]
	at org.testng.TestRunner.run(TestRunner.java:614) [testng-7.10.2.jar:7.10.2]
	at org.testng.SuiteRunner.runTest(SuiteRunner.java:421) [testng-7.10.2.jar:7.10.2]
	at org.testng.SuiteRunner.runSequentially(SuiteRunner.java:413) [testng-7.10.2.jar:7.10.2]
	at org.testng.SuiteRunner.privateRun(SuiteRunner.java:373) [testng-7.10.2.jar:7.10.2]
	at org.testng.SuiteRunner.run(SuiteRunner.java:312) [testng-7.10.2.jar:7.10.2]
	at org.testng.SuiteRunnerWorker.runSuite(SuiteRunnerWorker.java:52) [testng-7.10.2.jar:7.10.2]
	at org.testng.SuiteRunnerWorker.run(SuiteRunnerWorker.java:95) [testng-7.10.2.jar:7.10.2]
	at org.testng.TestNG.runSuitesSequentially(TestNG.java:1274) [testng-7.10.2.jar:7.10.2]
	at org.testng.TestNG.runSuitesLocally(TestNG.java:1208) [testng-7.10.2.jar:7.10.2]
	at org.testng.TestNG.runSuites(TestNG.java:1112) [testng-7.10.2.jar:7.10.2]
	at org.testng.TestNG.run(TestNG.java:1079) [testng-7.10.2.jar:7.10.2]
	at org.testng.remote.AbstractRemoteTestNG.run(AbstractRemoteTestNG.java:115) [testng-remote.jar:?]
	at org.testng.remote.RemoteTestNG.initAndRun(RemoteTestNG.java:293) [testng-remote.jar:?]
	at org.testng.remote.RemoteTestNG.main(RemoteTestNG.java:91) [testng-remote.jar:?]
2025-07-10 19:10:34 INFO  [main] Login_Test_Data - This is logout method for Main User
2025-07-10 19:10:34 INFO  [main] Login_page - This is logout method
2025-07-10 19:10:47 INFO  [main] Login_page - Logout Fail
2025-07-10 19:10:47 INFO  [main] Login_Test_Data - Logout Method Called
2025-07-10 19:10:47 ERROR [main] Login_Test_Data - Main User Logged Out Failed
2025-07-10 19:10:48 INFO  [main] Login_Test_Data - Login Test Started
2025-07-10 19:10:48 INFO  [main] Login_Test_Data - Login_Page Object Created for User :Approver1
2025-07-10 19:10:48 INFO  [main] Login_Test_Data - Attempting login for user: Approver1
2025-07-10 19:10:48 INFO  [main] Login_page - Login Method Called
2025-07-10 19:10:48 INFO  [main] Login_page - Entered UserName is :Approver1
2025-07-10 19:10:48 INFO  [main] Login_page - Password Entered
2025-07-10 19:10:48 INFO  [main] Login_page - Submit Button Clicked
2025-07-10 19:10:51 INFO  [main] Login_page - Login Failed
2025-07-10 19:10:51 INFO  [main] Login_page - This is failed test text
2025-07-10 19:10:51 INFO  [main] Login_page - This is failed test text 2
2025-07-10 19:10:51 INFO  [main] Login_page - Invalid user name or password or Deactivated.
2025-07-10 19:10:51 INFO  [main] Login_Test_Data - Expected error message matched for user: Approver1
2025-07-10 19:10:51 INFO  [main] Login_Test_Data - Invalid user name or password or Deactivated.
2025-07-10 19:10:51 INFO  [main] Login_Test_Data - Login Test Started
2025-07-10 19:10:51 INFO  [main] Login_Test_Data - Login_Page Object Created for User :Approver
2025-07-10 19:10:51 INFO  [main] Login_Test_Data - Attempting login for user: Approver
2025-07-10 19:10:51 INFO  [main] Login_page - Login Method Called
2025-07-10 19:10:51 INFO  [main] Login_page - Entered UserName is :Approver
2025-07-10 19:10:51 INFO  [main] Login_page - Password Entered
2025-07-10 19:10:51 INFO  [main] Login_page - Submit Button Clicked
2025-07-10 19:10:54 INFO  [main] Login_page - Login Failed
2025-07-10 19:10:54 INFO  [main] Login_page - This is failed test text
2025-07-10 19:10:54 INFO  [main] Login_page - This is failed test text 2
2025-07-10 19:10:54 INFO  [main] Login_page - Invalid user name or password or Deactivated.
2025-07-10 19:10:54 ERROR [main] Login_Test_Data - Expected error Not message matched for user: Approver
2025-07-10 19:10:54 INFO  [main] Login_Test_Data - Login Test Started
2025-07-10 19:10:54 INFO  [main] Login_Test_Data - Login_Page Object Created for User :Approver1
2025-07-10 19:10:54 INFO  [main] Login_Test_Data - Attempting login for user: Approver1
2025-07-10 19:10:54 INFO  [main] Login_page - Login Method Called
2025-07-10 19:10:54 INFO  [main] Login_page - Entered UserName is :Approver1
2025-07-10 19:10:54 INFO  [main] Login_page - Password Entered
2025-07-10 19:10:55 INFO  [main] Login_page - Submit Button Clicked
2025-07-10 19:10:58 INFO  [main] Login_page - Login Failed
2025-07-10 19:10:58 INFO  [main] Login_page - This is failed test text
2025-07-10 19:10:58 INFO  [main] Login_page - This is failed test text 2
2025-07-10 19:10:58 INFO  [main] Login_page - Invalid user name or password or Deactivated.
2025-07-10 19:10:58 INFO  [main] Login_Test_Data - Expected error message matched for user: Approver1
2025-07-10 19:10:58 INFO  [main] Login_Test_Data - Invalid user name or password or Deactivated.
2025-07-10 19:10:58 INFO  [main] Login_Test_Data - Login Test Started
2025-07-10 19:10:58 INFO  [main] Login_Test_Data - Login_Page Object Created for User :Approver
2025-07-10 19:10:58 INFO  [main] Login_Test_Data - Attempting login for user: Approver
2025-07-10 19:10:58 INFO  [main] Login_page - Login Method Called
2025-07-10 19:10:58 INFO  [main] Login_page - Entered UserName is :Approver
2025-07-10 19:10:58 INFO  [main] Login_page - Password Entered
2025-07-10 19:10:58 INFO  [main] Login_page - Submit Button Clicked
2025-07-10 19:11:01 INFO  [main] Login_page - Login Failed
2025-07-10 19:11:07 INFO  [main] Login_Test_Data - BlockLoginCredentials
2025-07-10 19:11:07 INFO  [main] Login_Test_Data - Login_Page Object Created for User :Check
2025-07-10 19:11:07 INFO  [main] Login_Test_Data - Attempting login for user: Check
2025-07-10 19:11:07 INFO  [main] Login_page - Login Method Called
2025-07-10 19:11:07 INFO  [main] Login_page - Entered UserName is :Check
2025-07-10 19:11:07 INFO  [main] Login_page - Password Entered
2025-07-10 19:11:07 INFO  [main] Login_page - Submit Button Clicked
2025-07-10 19:11:10 INFO  [main] Login_page - Login Failed
2025-07-10 19:11:10 INFO  [main] Login_Test_Data - This is else block for check user fail
2025-07-10 19:11:10 INFO  [main] Login_page - This is failed test text
2025-07-10 19:11:10 INFO  [main] Login_page - This is failed test text 2
2025-07-10 19:11:10 INFO  [main] Login_page - Invalid user name or password or Deactivated.
2025-07-10 19:11:10 ERROR [main] Login_Test_Data - Expected error Not message matched for user: Check
2025-07-10 19:11:10 INFO  [main] Login_Test_Data - BlockLoginCredentials
2025-07-10 19:11:10 INFO  [main] Login_Test_Data - Login_Page Object Created for User :Check
2025-07-10 19:11:10 INFO  [main] Login_Test_Data - Attempting login for user: Check
2025-07-10 19:11:10 INFO  [main] Login_page - Login Method Called
2025-07-10 19:11:11 INFO  [main] Login_page - Entered UserName is :Check
2025-07-10 19:11:11 INFO  [main] Login_page - Password Entered
2025-07-10 19:11:11 INFO  [main] Login_page - Submit Button Clicked
2025-07-10 19:11:14 INFO  [main] Login_page - Login Failed
2025-07-10 19:11:14 INFO  [main] Login_Test_Data - This is else block for check user fail
2025-07-10 19:11:14 INFO  [main] Login_page - This is failed test text
2025-07-10 19:11:14 INFO  [main] Login_page - This is failed test text 2
2025-07-10 19:11:14 INFO  [main] Login_page - Invalid user name or password or Deactivated.
2025-07-10 19:11:14 ERROR [main] Login_Test_Data - Expected error Not message matched for user: Check
2025-07-10 19:11:14 INFO  [main] Login_Test_Data - BlockLoginCredentials
2025-07-10 19:11:14 INFO  [main] Login_Test_Data - Login_Page Object Created for User :Check
2025-07-10 19:11:14 INFO  [main] Login_Test_Data - Attempting login for user: Check
2025-07-10 19:11:14 INFO  [main] Login_page - Login Method Called
2025-07-10 19:11:14 INFO  [main] Login_page - Entered UserName is :Check
2025-07-10 19:11:14 INFO  [main] Login_page - Password Entered
2025-07-10 19:11:14 INFO  [main] Login_page - Submit Button Clicked
2025-07-10 19:11:17 INFO  [main] Login_page - Login Failed
2025-07-10 19:11:17 INFO  [main] Login_Test_Data - This is else block for check user fail
2025-07-10 19:11:17 INFO  [main] Login_page - This is failed test text
2025-07-10 19:11:17 INFO  [main] Login_page - This is failed test text 2
2025-07-10 19:11:17 INFO  [main] Login_page - Invalid user name or password or Deactivated.
2025-07-10 19:11:17 ERROR [main] Login_Test_Data - Login Failed for User: Check
2025-07-10 19:11:17 INFO  [main] Login_Test_Data - BlockLoginCredentials
2025-07-10 19:11:17 INFO  [main] Login_Test_Data - Login_Page Object Created for User :Check
2025-07-10 19:11:17 INFO  [main] Login_Test_Data - Attempting login for user: Check
2025-07-10 19:11:17 INFO  [main] Login_page - Login Method Called
2025-07-10 19:11:17 INFO  [main] Login_page - Entered UserName is :Check
2025-07-10 19:11:17 INFO  [main] Login_page - Password Entered
2025-07-10 19:11:17 INFO  [main] Login_page - Submit Button Clicked
2025-07-10 19:11:20 INFO  [main] Login_page - Login Failed
2025-07-10 19:11:20 INFO  [main] Login_Test_Data - This is else block for check user fail
2025-07-10 19:11:20 INFO  [main] Login_page - This is failed test text
2025-07-10 19:11:20 INFO  [main] Login_page - This is failed test text 2
2025-07-10 19:11:20 INFO  [main] Login_page - Invalid user name or password or Deactivated.
2025-07-10 19:11:20 ERROR [main] Login_Test_Data - Expected error Not message matched for user: Check
2025-07-10 19:11:20 INFO  [main] Login_Test_Data - BlockLoginCredentials
2025-07-10 19:11:20 INFO  [main] Login_Test_Data - Login_Page Object Created for User :Check
2025-07-10 19:11:20 INFO  [main] Login_Test_Data - Attempting login for user: Check
2025-07-10 19:11:20 INFO  [main] Login_page - Login Method Called
2025-07-10 19:11:20 INFO  [main] Login_page - Entered UserName is :Check
2025-07-10 19:11:20 INFO  [main] Login_page - Password Entered
2025-07-10 19:11:21 INFO  [main] Login_page - Submit Button Clicked
2025-07-10 19:11:24 INFO  [main] Login_page - Login Failed
2025-07-10 19:11:24 INFO  [main] Login_Test_Data - This is else block for check user fail
2025-07-10 19:11:24 INFO  [main] Login_page - This is failed test text
2025-07-10 19:11:24 INFO  [main] Login_page - This is failed test text 2
2025-07-10 19:11:24 INFO  [main] Login_page - Invalid user name or password or Deactivated.
2025-07-10 19:11:24 ERROR [main] Login_Test_Data - Expected error Not message matched for user: Check
2025-07-10 19:11:24 INFO  [main] Login_Test_Data - BlockLoginCredentials
2025-07-10 19:11:24 INFO  [main] Login_Test_Data - Login_Page Object Created for User :Check
2025-07-10 19:11:24 INFO  [main] Login_Test_Data - Attempting login for user: Check
2025-07-10 19:11:24 INFO  [main] Login_page - Login Method Called
2025-07-10 19:11:24 INFO  [main] Login_page - Entered UserName is :Check
2025-07-10 19:11:24 INFO  [main] Login_page - Password Entered
2025-07-10 19:11:24 INFO  [main] Login_page - Submit Button Clicked
2025-07-10 19:11:27 INFO  [main] Login_page - Login Failed
2025-07-10 19:11:27 INFO  [main] Login_Test_Data - This is else block for check user fail
2025-07-10 19:11:27 INFO  [main] Login_page - This is failed test text
2025-07-10 19:11:27 INFO  [main] Login_page - This is failed test text 2
2025-07-10 19:11:27 INFO  [main] Login_page - Invalid user name or password or Deactivated.
2025-07-10 19:11:27 INFO  [main] Login_Test_Data - Account Disable Due to Maximum login Attemps for User:Check
2025-07-10 19:11:27 INFO  [main] Login_Test_Data - This is extra method for main user start
2025-07-10 19:11:27 INFO  [main] Login - Login Test Cases Started
2025-07-10 19:11:27 INFO  [main] Login - Login_Page Object Created
2025-07-10 19:11:27 INFO  [main] Login - Login Page Method call
2025-07-10 19:11:27 INFO  [main] Login_page - Login Method Called
2025-07-10 19:11:27 INFO  [main] Login_page - Entered UserName is :Approver
2025-07-10 19:11:27 INFO  [main] Login_page - Password Entered
2025-07-10 19:11:28 INFO  [main] Login_page - Submit Button Clicked
2025-07-10 19:11:29 INFO  [main] Login_page - Login SuccessFull
2025-07-10 19:11:29 INFO  [main] Login - Login Test Completed Sucessfully
2025-07-10 19:11:29 INFO  [main] Login_Test_Data - This is extra method for main user ended
2025-07-10 19:11:29 INFO  [main] Access_permissions - Access Permissions link Click
2025-07-10 19:11:29 INFO  [main] Access_permissions - This is Add Group Method
2025-07-10 19:11:30 INFO  [main] Access_Permissions_page - [[FirefoxDriver: firefox on windows (d61382e2-b8be-4176-a67d-c36ee4ec7d92)] -> name: name]
2025-07-10 19:11:30 INFO  [main] Access_Permissions_page - description
2025-07-10 19:11:32 INFO  [main] Access_permissions - This is Add Role Method
2025-07-10 19:13:43 INFO  [main] Base_Class - Application Started
2025-07-10 19:13:43 INFO  [main] Base_Class - ===================
2025-07-10 19:13:47 INFO  [main] Base_Class - FireFoxDriver Object is Created  FirefoxDriver: firefox on windows (eb2c5ba6-ad9c-4a56-b34c-5b40db933709)
2025-07-10 19:13:47 INFO  [main] Base_Class - Browser Got Opened
2025-07-10 19:13:47 INFO  [main] Base_Class - url Called  http://192.168.2.27:9091/
2025-07-10 19:13:47 INFO  [main] Base_Class - Tear Up is Done
2025-07-10 19:13:48 INFO  [main] Login - Login Test Cases Started
2025-07-10 19:13:48 INFO  [main] Login - Login_Page Object Created
2025-07-10 19:13:48 INFO  [main] Login - Login Page Method call
2025-07-10 19:13:48 INFO  [main] Login_page - Login Method Called
2025-07-10 19:13:48 INFO  [main] Login_page - Entered UserName is :Approver
2025-07-10 19:13:48 INFO  [main] Login_page - Password Entered
2025-07-10 19:13:48 INFO  [main] Login_page - Submit Button Clicked
2025-07-10 19:13:49 INFO  [main] Login_page - Login SuccessFull
2025-07-10 19:13:49 INFO  [main] Login - Login Test Completed Sucessfully
2025-07-10 19:13:49 INFO  [main] Login_Test_Data - This is logout method for Main User
2025-07-10 19:13:49 INFO  [main] Login_page - This is logout method
2025-07-10 19:13:49 INFO  [main] Login_page - Is ProfileDropdown displayed? true
2025-07-10 19:13:49 INFO  [main] Login_page - Is ProfileDropdown enabled? true
2025-07-10 19:13:49 INFO  [main] Login_page - Approver Approver
2025-07-10 19:13:49 INFO  [main] Login_page - Logout Success
2025-07-10 19:13:49 INFO  [main] Login_Test_Data - Logout Method Called
2025-07-10 19:13:49 INFO  [main] Login_Test_Data - Main User Logged Out Success
2025-07-10 19:13:49 INFO  [main] Login_Test_Data - Login Test Started
2025-07-10 19:13:49 INFO  [main] Login_Test_Data - Login_Page Object Created for User :Approver1
2025-07-10 19:13:49 INFO  [main] Login_Test_Data - Attempting login for user: Approver1
2025-07-10 19:13:49 INFO  [main] Login_page - Login Method Called
2025-07-10 19:13:49 INFO  [main] Login_page - Entered UserName is :Approver1
2025-07-10 19:13:49 INFO  [main] Login_page - Password Entered
2025-07-10 19:13:49 INFO  [main] Login_page - Submit Button Clicked
2025-07-10 19:13:52 INFO  [main] Login_page - Login Failed
2025-07-10 19:13:52 INFO  [main] Login_page - This is failed test text
2025-07-10 19:13:52 INFO  [main] Login_page - This is failed test text 2
2025-07-10 19:13:52 INFO  [main] Login_page - Invalid user name or password or Deactivated.
2025-07-10 19:13:52 INFO  [main] Login_Test_Data - Expected error message matched for user: Approver1
2025-07-10 19:13:52 INFO  [main] Login_Test_Data - Invalid user name or password or Deactivated.
2025-07-10 19:13:52 INFO  [main] Login_Test_Data - Login Test Started
2025-07-10 19:13:52 INFO  [main] Login_Test_Data - Login_Page Object Created for User :Approver
2025-07-10 19:13:52 INFO  [main] Login_Test_Data - Attempting login for user: Approver
2025-07-10 19:13:52 INFO  [main] Login_page - Login Method Called
2025-07-10 19:13:52 INFO  [main] Login_page - Entered UserName is :Approver
2025-07-10 19:13:52 INFO  [main] Login_page - Password Entered
2025-07-10 19:13:53 INFO  [main] Login_page - Submit Button Clicked
2025-07-10 19:13:56 INFO  [main] Login_page - Login Failed
2025-07-10 19:13:56 INFO  [main] Login_page - This is failed test text
2025-07-10 19:13:56 INFO  [main] Login_page - This is failed test text 2
2025-07-10 19:13:56 INFO  [main] Login_page - Invalid user name or password.
2025-07-10 19:13:56 INFO  [main] Login_Test_Data - Expected error message matched for user: Approver
2025-07-10 19:13:56 INFO  [main] Login_Test_Data - Invalid user name or password.
2025-07-10 19:13:56 INFO  [main] Login_Test_Data - Login Test Started
2025-07-10 19:13:56 INFO  [main] Login_Test_Data - Login_Page Object Created for User :Approver1
2025-07-10 19:13:56 INFO  [main] Login_Test_Data - Attempting login for user: Approver1
2025-07-10 19:13:56 INFO  [main] Login_page - Login Method Called
2025-07-10 19:13:56 INFO  [main] Login_page - Entered UserName is :Approver1
2025-07-10 19:13:56 INFO  [main] Login_page - Password Entered
2025-07-10 19:13:56 INFO  [main] Login_page - Submit Button Clicked
2025-07-10 19:13:59 INFO  [main] Login_page - Login Failed
2025-07-10 19:13:59 INFO  [main] Login_page - This is failed test text
2025-07-10 19:13:59 INFO  [main] Login_page - This is failed test text 2
2025-07-10 19:13:59 INFO  [main] Login_page - Invalid user name or password or Deactivated.
2025-07-10 19:13:59 INFO  [main] Login_Test_Data - Expected error message matched for user: Approver1
2025-07-10 19:13:59 INFO  [main] Login_Test_Data - Invalid user name or password or Deactivated.
2025-07-10 19:13:59 INFO  [main] Login_Test_Data - Login Test Started
2025-07-10 19:13:59 INFO  [main] Login_Test_Data - Login_Page Object Created for User :Approver
2025-07-10 19:13:59 INFO  [main] Login_Test_Data - Attempting login for user: Approver
2025-07-10 19:13:59 INFO  [main] Login_page - Login Method Called
2025-07-10 19:13:59 INFO  [main] Login_page - Entered UserName is :Approver
2025-07-10 19:13:59 INFO  [main] Login_page - Password Entered
2025-07-10 19:14:00 INFO  [main] Login_page - Submit Button Clicked
2025-07-10 19:14:00 INFO  [main] Login_page - Login SuccessFull
2025-07-10 19:14:09 INFO  [main] Login_Test_Data - Login Success for User :Approver
2025-07-10 19:14:12 INFO  [main] Login_page - This is logout method
2025-07-10 19:14:12 INFO  [main] Login_page - Is ProfileDropdown displayed? true
2025-07-10 19:14:12 INFO  [main] Login_page - Is ProfileDropdown enabled? true
2025-07-10 19:14:12 INFO  [main] Login_page - Approver Approver
2025-07-10 19:14:12 INFO  [main] Login_page - Logout Success
2025-07-10 19:14:12 INFO  [main] Login_Test_Data - Test User Logged Out Success
2025-07-10 19:14:12 INFO  [main] Login_Test_Data - BlockLoginCredentials
2025-07-10 19:14:13 INFO  [main] Login_Test_Data - Login_Page Object Created for User :Check
2025-07-10 19:14:13 INFO  [main] Login_Test_Data - Attempting login for user: Check
2025-07-10 19:14:13 INFO  [main] Login_page - Login Method Called
2025-07-10 19:14:13 INFO  [main] Login_page - Entered UserName is :Check
2025-07-10 19:14:13 INFO  [main] Login_page - Password Entered
2025-07-10 19:14:13 INFO  [main] Login_page - Submit Button Clicked
2025-07-10 19:14:16 INFO  [main] Login_page - Login Failed
2025-07-10 19:14:16 INFO  [main] Login_Test_Data - This is else block for check user fail
2025-07-10 19:14:16 INFO  [main] Login_page - This is failed test text
2025-07-10 19:14:16 INFO  [main] Login_page - This is failed test text 2
2025-07-10 19:14:16 INFO  [main] Login_page - Invalid user name or password or Deactivated.
2025-07-10 19:14:16 ERROR [main] Login_Test_Data - Expected error Not message matched for user: Check
2025-07-10 19:14:16 INFO  [main] Login_Test_Data - BlockLoginCredentials
2025-07-10 19:14:16 INFO  [main] Login_Test_Data - Login_Page Object Created for User :Check
2025-07-10 19:14:16 INFO  [main] Login_Test_Data - Attempting login for user: Check
2025-07-10 19:14:16 INFO  [main] Login_page - Login Method Called
2025-07-10 19:14:16 INFO  [main] Login_page - Entered UserName is :Check
2025-07-10 19:14:16 INFO  [main] Login_page - Password Entered
2025-07-10 19:14:16 INFO  [main] Login_page - Submit Button Clicked
2025-07-10 19:14:19 INFO  [main] Login_page - Login Failed
2025-07-10 19:14:19 INFO  [main] Login_Test_Data - This is else block for check user fail
2025-07-10 19:14:19 INFO  [main] Login_page - This is failed test text
2025-07-10 19:14:19 INFO  [main] Login_page - This is failed test text 2
2025-07-10 19:14:19 INFO  [main] Login_page - Invalid user name or password or Deactivated.
2025-07-10 19:14:19 ERROR [main] Login_Test_Data - Expected error Not message matched for user: Check
2025-07-10 19:14:19 INFO  [main] Login_Test_Data - BlockLoginCredentials
2025-07-10 19:14:19 INFO  [main] Login_Test_Data - Login_Page Object Created for User :Check
2025-07-10 19:14:19 INFO  [main] Login_Test_Data - Attempting login for user: Check
2025-07-10 19:14:19 INFO  [main] Login_page - Login Method Called
2025-07-10 19:14:19 INFO  [main] Login_page - Entered UserName is :Check
2025-07-10 19:14:19 INFO  [main] Login_page - Password Entered
2025-07-10 19:14:20 INFO  [main] Login_page - Submit Button Clicked
2025-07-10 19:14:23 INFO  [main] Login_page - Login Failed
2025-07-10 19:14:23 INFO  [main] Login_Test_Data - This is else block for check user fail
2025-07-10 19:14:23 INFO  [main] Login_page - This is failed test text
2025-07-10 19:14:23 INFO  [main] Login_page - This is failed test text 2
2025-07-10 19:14:23 INFO  [main] Login_page - Invalid user name or password or Deactivated.
2025-07-10 19:14:23 ERROR [main] Login_Test_Data - Login Failed for User: Check
2025-07-10 19:14:23 INFO  [main] Login_Test_Data - BlockLoginCredentials
2025-07-10 19:14:23 INFO  [main] Login_Test_Data - Login_Page Object Created for User :Check
2025-07-10 19:14:23 INFO  [main] Login_Test_Data - Attempting login for user: Check
2025-07-10 19:14:23 INFO  [main] Login_page - Login Method Called
2025-07-10 19:14:23 INFO  [main] Login_page - Entered UserName is :Check
2025-07-10 19:14:23 INFO  [main] Login_page - Password Entered
2025-07-10 19:14:23 INFO  [main] Login_page - Submit Button Clicked
2025-07-10 19:14:26 INFO  [main] Login_page - Login Failed
2025-07-10 19:14:26 INFO  [main] Login_Test_Data - This is else block for check user fail
2025-07-10 19:14:26 INFO  [main] Login_page - This is failed test text
2025-07-10 19:14:26 INFO  [main] Login_page - This is failed test text 2
2025-07-10 19:14:26 INFO  [main] Login_page - Invalid user name or password or Deactivated.
2025-07-10 19:14:26 ERROR [main] Login_Test_Data - Expected error Not message matched for user: Check
2025-07-10 19:14:26 INFO  [main] Login_Test_Data - BlockLoginCredentials
2025-07-10 19:14:26 INFO  [main] Login_Test_Data - Login_Page Object Created for User :Check
2025-07-10 19:14:26 INFO  [main] Login_Test_Data - Attempting login for user: Check
2025-07-10 19:14:26 INFO  [main] Login_page - Login Method Called
2025-07-10 19:14:26 INFO  [main] Login_page - Entered UserName is :Check
2025-07-10 19:14:26 INFO  [main] Login_page - Password Entered
2025-07-10 19:14:26 INFO  [main] Login_page - Submit Button Clicked
2025-07-10 19:14:29 INFO  [main] Login_page - Login Failed
2025-07-10 19:14:29 INFO  [main] Login_Test_Data - This is else block for check user fail
2025-07-10 19:14:29 INFO  [main] Login_page - This is failed test text
2025-07-10 19:14:29 INFO  [main] Login_page - This is failed test text 2
2025-07-10 19:14:29 INFO  [main] Login_page - Invalid user name or password or Deactivated.
2025-07-10 19:14:29 ERROR [main] Login_Test_Data - Expected error Not message matched for user: Check
2025-07-10 19:14:29 INFO  [main] Login_Test_Data - BlockLoginCredentials
2025-07-10 19:14:29 INFO  [main] Login_Test_Data - Login_Page Object Created for User :Check
2025-07-10 19:14:29 INFO  [main] Login_Test_Data - Attempting login for user: Check
2025-07-10 19:14:29 INFO  [main] Login_page - Login Method Called
2025-07-10 19:14:30 INFO  [main] Login_page - Entered UserName is :Check
2025-07-10 19:14:30 INFO  [main] Login_page - Password Entered
2025-07-10 19:14:30 INFO  [main] Login_page - Submit Button Clicked
2025-07-10 19:14:33 INFO  [main] Login_page - Login Failed
2025-07-10 19:14:33 INFO  [main] Login_Test_Data - This is else block for check user fail
2025-07-10 19:14:33 INFO  [main] Login_page - This is failed test text
2025-07-10 19:14:33 INFO  [main] Login_page - This is failed test text 2
2025-07-10 19:14:33 INFO  [main] Login_page - Invalid user name or password or Deactivated.
2025-07-10 19:14:33 INFO  [main] Login_Test_Data - Account Disable Due to Maximum login Attemps for User:Check
2025-07-10 19:14:33 INFO  [main] Login_Test_Data - This is extra method for main user start
2025-07-10 19:14:33 INFO  [main] Login - Login Test Cases Started
2025-07-10 19:14:33 INFO  [main] Login - Login_Page Object Created
2025-07-10 19:14:33 INFO  [main] Login - Login Page Method call
2025-07-10 19:14:33 INFO  [main] Login_page - Login Method Called
2025-07-10 19:14:33 INFO  [main] Login_page - Entered UserName is :Approver
2025-07-10 19:14:33 INFO  [main] Login_page - Password Entered
2025-07-10 19:14:34 INFO  [main] Login_page - Submit Button Clicked
2025-07-10 19:14:34 INFO  [main] Login_page - Login SuccessFull
2025-07-10 19:14:34 INFO  [main] Login - Login Test Completed Sucessfully
2025-07-10 19:14:34 INFO  [main] Login_Test_Data - This is extra method for main user ended
2025-07-10 19:14:34 INFO  [main] Access_permissions - Access Permissions link Click
2025-07-10 19:14:34 INFO  [main] Access_permissions - This is Add Group Method
2025-07-10 19:14:35 INFO  [main] Access_Permissions_page - [[FirefoxDriver: firefox on windows (eb2c5ba6-ad9c-4a56-b34c-5b40db933709)] -> name: name]
2025-07-10 19:14:35 INFO  [main] Access_Permissions_page - description
2025-07-10 19:14:37 INFO  [main] Access_permissions - This is Add Role Method
