2025-04-16 16:10:31 INFO  [main] Base_Class - Application Started
2025-04-16 16:10:31 INFO  [main] Base_Class - ===================
2025-04-16 16:10:35 INFO  [main] Base_Class - FireFoxDriver Object is Created  FirefoxDriver: firefox on windows (2fbb1a81-71a0-4aa9-bfed-fe79488c657e)
2025-04-16 16:10:35 INFO  [main] Base_Class - Browser Got Opened
2025-04-16 16:10:35 INFO  [main] Base_Class - url Called  http://192.168.2.27:9091/
2025-04-16 16:10:35 INFO  [main] Base_Class - Tear Up is Done
2025-04-16 16:10:36 INFO  [main] Login - Login Test Cases Started
2025-04-16 16:10:36 INFO  [main] Login - Login_Page Object Created
2025-04-16 16:10:36 INFO  [main] Login - Login Page Method call
2025-04-16 16:10:36 INFO  [main] Login_page - Login Method Called
2025-04-16 16:10:36 INFO  [main] Login_page - Entered UserName is :Approver
2025-04-16 16:10:36 INFO  [main] Login_page - Password Entered
2025-04-16 16:10:37 INFO  [main] Login_page - Submit Button Clicked
2025-04-16 16:10:37 INFO  [main] Login_page - Login SuccessFull
2025-04-16 16:10:37 INFO  [main] Login - Login Test Completed Sucessfully
2025-04-16 16:11:21 INFO  [main] Base_Class - Application Started
2025-04-16 16:11:21 INFO  [main] Base_Class - ===================
2025-04-16 16:11:25 INFO  [main] Base_Class - FireFoxDriver Object is Created  FirefoxDriver: firefox on windows (81fe7633-65d8-4dae-9dc8-98e68f7437ac)
2025-04-16 16:11:25 INFO  [main] Base_Class - Browser Got Opened
2025-04-16 16:11:25 INFO  [main] Base_Class - url Called  http://192.168.2.27:9091/
2025-04-16 16:11:25 INFO  [main] Base_Class - Tear Up is Done
2025-04-16 16:11:26 INFO  [main] Login - Login Test Cases Started
2025-04-16 16:11:26 INFO  [main] Login - Login_Page Object Created
2025-04-16 16:11:26 INFO  [main] Login - Login Page Method call
2025-04-16 16:11:26 INFO  [main] Login_page - Login Method Called
2025-04-16 16:11:26 INFO  [main] Login_page - Entered UserName is :Approver
2025-04-16 16:11:26 INFO  [main] Login_page - Password Entered
2025-04-16 16:11:26 INFO  [main] Login_page - Submit Button Clicked
2025-04-16 16:11:26 INFO  [main] Login_page - Login SuccessFull
2025-04-16 16:11:26 INFO  [main] Login - Login Test Completed Sucessfully
2025-04-16 16:11:27 INFO  [main] Access_permissions - Access Permissions link Click
2025-04-16 16:11:27 INFO  [main] Access_permissions - This is Add Group Method
2025-04-16 16:11:28 INFO  [main] Access_Permissions_page - [[FirefoxDriver: firefox on windows (81fe7633-65d8-4dae-9dc8-98e68f7437ac)] -> name: name]
2025-04-16 16:11:28 INFO  [main] Access_Permissions_page - description
2025-04-16 16:11:29 INFO  [main] Access_permissions - This is Add Role Method
