2025-02-25 12:20:39 INFO  [main] Base_Class - Application Started
2025-02-25 12:20:39 INFO  [main] Base_Class - ===================
2025-02-25 12:20:46 INFO  [main] Base_Class - FireFoxDriver Object is Created  FirefoxDriver: firefox on windows (3deccb09-6fb0-4572-9894-5f4e7015d8ff)
2025-02-25 12:20:46 INFO  [main] Base_Class - Browser Got Opened
2025-02-25 12:20:46 INFO  [main] Base_Class - url Called  http://192.168.2.27:9091/
2025-02-25 12:20:46 INFO  [main] Base_Class - Tear Up is Done
2025-02-25 12:20:47 INFO  [main] Login - Login Test Cases Started
2025-02-25 12:20:47 INFO  [main] Login - Login_Page Object Created
2025-02-25 12:20:47 INFO  [main] Login - Login Page Method call
2025-02-25 12:20:47 INFO  [main] Login_page - Login Method Called
2025-02-25 12:20:47 INFO  [main] Login_page - Entered UserName is :Approver
2025-02-25 12:20:47 INFO  [main] Login_page - Password Entered
2025-02-25 12:20:47 INFO  [main] Login_page - Submit Button Clicked
2025-02-25 12:20:50 INFO  [main] Login_page - Login Failed
2025-02-25 12:20:50 ERROR [main] Login - Login Test Failed for User : Approver
java.lang.AssertionError: Login Failed For User : Approver expected [true] but found [false]
	at org.testng.Assert.fail(Assert.java:111) ~[testng-7.10.2.jar:7.10.2]
	at org.testng.Assert.failNotEquals(Assert.java:1578) ~[testng-7.10.2.jar:7.10.2]
	at org.testng.Assert.assertTrue(Assert.java:57) ~[testng-7.10.2.jar:7.10.2]
	at test_case.Login.Login_Data(Login.java:38) ~[test-classes/:?]
	at java.base/jdk.internal.reflect.NativeMethodAccessorImpl.invoke0(Native Method) ~[?:?]
	at java.base/jdk.internal.reflect.NativeMethodAccessorImpl.invoke(NativeMethodAccessorImpl.java:77) ~[?:?]
	at java.base/jdk.internal.reflect.DelegatingMethodAccessorImpl.invoke(DelegatingMethodAccessorImpl.java:43) ~[?:?]
	at java.base/java.lang.reflect.Method.invoke(Method.java:568) ~[?:?]
	at org.testng.internal.invokers.MethodInvocationHelper.invokeMethod(MethodInvocationHelper.java:141) ~[testng-7.10.2.jar:7.10.2]
	at org.testng.internal.invokers.TestInvoker.invokeMethod(TestInvoker.java:686) ~[testng-7.10.2.jar:7.10.2]
	at org.testng.internal.invokers.TestInvoker.invokeTestMethod(TestInvoker.java:230) ~[testng-7.10.2.jar:7.10.2]
	at org.testng.internal.invokers.MethodRunner.runInSequence(MethodRunner.java:63) ~[testng-7.10.2.jar:7.10.2]
	at org.testng.internal.invokers.TestInvoker$MethodInvocationAgent.invoke(TestInvoker.java:992) ~[testng-7.10.2.jar:7.10.2]
	at org.testng.internal.invokers.TestInvoker.invokeTestMethods(TestInvoker.java:203) ~[testng-7.10.2.jar:7.10.2]
	at org.testng.internal.invokers.TestMethodWorker.invokeTestMethods(TestMethodWorker.java:154) ~[testng-7.10.2.jar:7.10.2]
	at org.testng.internal.invokers.TestMethodWorker.run(TestMethodWorker.java:134) ~[testng-7.10.2.jar:7.10.2]
	at java.base/java.util.ArrayList.forEach(ArrayList.java:1511) [?:?]
	at org.testng.TestRunner.privateRun(TestRunner.java:739) [testng-7.10.2.jar:7.10.2]
	at org.testng.TestRunner.run(TestRunner.java:614) [testng-7.10.2.jar:7.10.2]
	at org.testng.SuiteRunner.runTest(SuiteRunner.java:421) [testng-7.10.2.jar:7.10.2]
	at org.testng.SuiteRunner.runSequentially(SuiteRunner.java:413) [testng-7.10.2.jar:7.10.2]
	at org.testng.SuiteRunner.privateRun(SuiteRunner.java:373) [testng-7.10.2.jar:7.10.2]
	at org.testng.SuiteRunner.run(SuiteRunner.java:312) [testng-7.10.2.jar:7.10.2]
	at org.testng.SuiteRunnerWorker.runSuite(SuiteRunnerWorker.java:52) [testng-7.10.2.jar:7.10.2]
	at org.testng.SuiteRunnerWorker.run(SuiteRunnerWorker.java:95) [testng-7.10.2.jar:7.10.2]
	at org.testng.TestNG.runSuitesSequentially(TestNG.java:1274) [testng-7.10.2.jar:7.10.2]
	at org.testng.TestNG.runSuitesLocally(TestNG.java:1208) [testng-7.10.2.jar:7.10.2]
	at org.testng.TestNG.runSuites(TestNG.java:1112) [testng-7.10.2.jar:7.10.2]
	at org.testng.TestNG.run(TestNG.java:1079) [testng-7.10.2.jar:7.10.2]
	at org.testng.remote.AbstractRemoteTestNG.run(AbstractRemoteTestNG.java:115) [testng-remote.jar:?]
	at org.testng.remote.RemoteTestNG.initAndRun(RemoteTestNG.java:293) [testng-remote.jar:?]
	at org.testng.remote.RemoteTestNG.main(RemoteTestNG.java:91) [testng-remote.jar:?]
2025-02-25 12:20:50 INFO  [main] Login_Test_Data - This is logout method for Main User
2025-02-25 12:20:50 INFO  [main] Login_page - This is logout method
2025-02-25 12:21:04 INFO  [main] Login_page - Logout Fail
2025-02-25 12:21:04 INFO  [main] Login_Test_Data - Logout Method Called
2025-02-25 12:21:04 ERROR [main] Login_Test_Data - Main User Logged Out Failed
2025-02-25 12:21:04 INFO  [main] Login_Test_Data - Login Test Started
2025-02-25 12:21:04 INFO  [main] Login_Test_Data - Login_Page Object Created for User :Approver1
2025-02-25 12:21:04 INFO  [main] Login_Test_Data - Attempting login for user: Approver1
2025-02-25 12:21:04 INFO  [main] Login_page - Login Method Called
2025-02-25 12:21:04 INFO  [main] Login_page - Entered UserName is :Approver1
2025-02-25 12:21:04 INFO  [main] Login_page - Password Entered
2025-02-25 12:21:04 INFO  [main] Login_page - Submit Button Clicked
2025-02-25 12:21:07 INFO  [main] Login_page - Login Failed
2025-02-25 12:21:07 INFO  [main] Login_page - This is failed test text
2025-02-25 12:21:07 INFO  [main] Login_page - This is failed test text 2
2025-02-25 12:21:07 INFO  [main] Login_page - Invalid user name or password or Deactivated.
2025-02-25 12:21:07 INFO  [main] Login_Test_Data - Expected error message matched for user: Approver1
2025-02-25 12:21:07 INFO  [main] Login_Test_Data - Invalid user name or password or Deactivated.
2025-02-25 12:21:07 INFO  [main] Login_Test_Data - Login Test Started
2025-02-25 12:21:07 INFO  [main] Login_Test_Data - Login_Page Object Created for User :Approver
2025-02-25 12:21:07 INFO  [main] Login_Test_Data - Attempting login for user: Approver
2025-02-25 12:21:07 INFO  [main] Login_page - Login Method Called
2025-02-25 12:21:07 INFO  [main] Login_page - Entered UserName is :Approver
2025-02-25 12:21:07 INFO  [main] Login_page - Password Entered
2025-02-25 12:21:07 INFO  [main] Login_page - Submit Button Clicked
2025-02-25 12:21:10 INFO  [main] Login_page - Login Failed
2025-02-25 12:21:10 INFO  [main] Login_page - This is failed test text
2025-02-25 12:21:13 INFO  [main] Login_Test_Data - Login Test Started
2025-02-25 12:21:13 INFO  [main] Login_Test_Data - Login_Page Object Created for User :Approver1
2025-02-25 12:21:13 INFO  [main] Login_Test_Data - Attempting login for user: Approver1
2025-02-25 12:21:13 INFO  [main] Login_page - Login Method Called
2025-02-25 12:21:13 INFO  [main] Login_page - Entered UserName is :Approver1
2025-02-25 12:21:14 INFO  [main] Login_page - Password Entered
2025-02-25 12:21:14 INFO  [main] Login_page - Submit Button Clicked
2025-02-25 12:21:17 INFO  [main] Login_page - Login Failed
2025-02-25 12:21:17 INFO  [main] Login_page - This is failed test text
2025-02-25 12:21:17 INFO  [main] Login_page - This is failed test text 2
2025-02-25 12:21:17 INFO  [main] Login_page - Invalid user name or password or Deactivated.
2025-02-25 12:21:17 INFO  [main] Login_Test_Data - Expected error message matched for user: Approver1
2025-02-25 12:21:17 INFO  [main] Login_Test_Data - Invalid user name or password or Deactivated.
2025-02-25 12:21:17 INFO  [main] Login_Test_Data - Login Test Started
2025-02-25 12:21:17 INFO  [main] Login_Test_Data - Login_Page Object Created for User :Approver
2025-02-25 12:21:17 INFO  [main] Login_Test_Data - Attempting login for user: Approver
2025-02-25 12:21:17 INFO  [main] Login_page - Login Method Called
2025-02-25 12:21:17 INFO  [main] Login_page - Entered UserName is :Approver
2025-02-25 12:21:17 INFO  [main] Login_page - Password Entered
2025-02-25 12:21:17 INFO  [main] Login_page - Submit Button Clicked
2025-02-25 12:21:20 INFO  [main] Login_page - Login Failed
2025-02-25 12:21:26 INFO  [main] Login_Test_Data - BlockLoginCredentials
2025-02-25 12:21:26 INFO  [main] Login_Test_Data - Login_Page Object Created for User :Check
2025-02-25 12:21:26 INFO  [main] Login_Test_Data - Attempting login for user: Check
2025-02-25 12:21:26 INFO  [main] Login_page - Login Method Called
2025-02-25 12:21:26 INFO  [main] Login_page - Entered UserName is :Check
2025-02-25 12:21:26 INFO  [main] Login_page - Password Entered
2025-02-25 12:21:26 INFO  [main] Login_page - Submit Button Clicked
2025-02-25 12:21:30 INFO  [main] Login_page - Login Failed
2025-02-25 12:21:30 INFO  [main] Login_Test_Data - This is else block for check user fail
2025-02-25 12:21:30 INFO  [main] Login_page - This is failed test text
